D:\GITHUB-SYN\TOAD\TOAD\EXAMPLE_RIVERSHELL\RELEASE\RIVERSHELL.OBJ
D:\GITHUB-SYN\TOAD\TOAD\EXAMPLE_RIVERSHELL\RELEASE\VC110.PDB
D:\Github-Syn\Toad\Toad\Release\Example_rivershell.lib
D:\Github-Syn\Toad\Toad\Release\Example_rivershell.exp
D:\GITHUB-SYN\TOAD\TOAD\RELEASE\EXAMPLE_RIVERSHELL.DLL
D:\GITHUB-SYN\TOAD\TOAD\RELEASE\EXAMPLE_RIVERSHELL.PDB
D:\Github-Syn\Toad\Toad\Example_rivershell\Release\Example_rivershell.vcxprojResolveAssemblyReference.cache
D:\Github-Syn\Toad\Toad\Example_rivershell\Release\rivershell.obj
D:\Github-Syn\Toad\Toad\Example_rivershell\Release\cl.command.1.tlog
D:\Github-Syn\Toad\Toad\Example_rivershell\Release\CL.read.1.tlog
D:\Github-Syn\Toad\Toad\Example_rivershell\Release\CL.write.1.tlog
D:\Github-Syn\Toad\Toad\Example_rivershell\Release\Example_rivershell.write.1.tlog
D:\Github-Syn\Toad\Toad\Example_rivershell\Release\link-cvtres.read.1.tlog
D:\Github-Syn\Toad\Toad\Example_rivershell\Release\link-cvtres.write.1.tlog
D:\Github-Syn\Toad\Toad\Example_rivershell\Release\link-rc.read.1.tlog
D:\Github-Syn\Toad\Toad\Example_rivershell\Release\link-rc.write.1.tlog
D:\Github-Syn\Toad\Toad\Example_rivershell\Release\link.command.1.tlog
D:\Github-Syn\Toad\Toad\Example_rivershell\Release\link.read.1.tlog
D:\Github-Syn\Toad\Toad\Example_rivershell\Release\link.write.1.tlog
D:\Github-Syn\Toad\Toad\Example_rivershell\Release\vc110.pdb
D:\Github-Syn\Toad\Toad\Release\Example_rivershell.pdb
D:\Github-Syn\Toad\Toad\Release\Example_rivershell.dll
