D:\GITHUB-SYN\TOAD\TOAD\DEBUG\TOADAMX.BSC
D:\GITHUB-SYN\TOAD\TOAD\TOADAMX\DEBUG\AMXPLUGIN.SBR
D:\GITHUB-SYN\TOAD\TOAD\TOADAMX\DEBUG\AMXEX.SBR
D:\GITHUB-SYN\TOAD\TOAD\TOADAMX\DEBUG\AMXEX.OBJ
D:\GITHUB-SYN\TOAD\TOAD\TOADAMX\DEBUG\AMXPLUGIN.OBJ
D:\GITHUB-SYN\TOAD\TOAD\TOADAMX\DEBUG\VC110.PDB
D:\GITHUB-SYN\TOAD\TOAD\DEBUG\TOADAMX.LIB
D:\Github-Syn\Toad\Toad\ToadAMX\Debug\amxEx.obj
D:\Github-Syn\Toad\Toad\ToadAMX\Debug\amxplugin.obj
D:\Github-Syn\Toad\Toad\ToadAMX\Debug\BscMake.command.1.tlog
D:\Github-Syn\Toad\Toad\ToadAMX\Debug\bscmake.read.1.tlog
D:\Github-Syn\Toad\Toad\ToadAMX\Debug\BscMake.write.1.tlog
D:\Github-Syn\Toad\Toad\ToadAMX\Debug\cl.command.1.tlog
D:\Github-Syn\Toad\Toad\ToadAMX\Debug\CL.read.1.tlog
D:\Github-Syn\Toad\Toad\ToadAMX\Debug\CL.write.1.tlog
D:\Github-Syn\Toad\Toad\ToadAMX\Debug\Lib-link.read.1.tlog
D:\Github-Syn\Toad\Toad\ToadAMX\Debug\Lib-link.write.1.tlog
D:\Github-Syn\Toad\Toad\ToadAMX\Debug\lib.command.1.tlog
D:\Github-Syn\Toad\Toad\ToadAMX\Debug\vc110.idb
D:\Github-Syn\Toad\Toad\ToadAMX\Debug\vc110.pdb
D:\Github-Syn\Toad\Toad\ToadAMX\Debug\amxEx.sbr
D:\Github-Syn\Toad\Toad\ToadAMX\Debug\amxplugin.sbr
D:\Github-Syn\Toad\Toad\Debug\ToadAMX.lib
D:\Github-Syn\Toad\Toad\Debug\ToadAMX.bsc
