D:\GITHUB-SYN\TOAD\TOAD\SAMP_WRAPPER\RELEASE\FUNCTION.OBJ
D:\GITHUB-SYN\TOAD\TOAD\SAMP_WRAPPER\RELEASE\CALLBACK.OBJ
D:\GITHUB-SYN\TOAD\TOAD\SAMP_WRAPPER\RELEASE\AMXPLUGIN.OBJ
D:\GITHUB-SYN\TOAD\TOAD\SAMP_WRAPPER\RELEASE\AMXEX.OBJ
D:\GITHUB-SYN\TOAD\TOAD\SAMP_WRAPPER\RELEASE\AMXCORE.OBJ
D:\GITHUB-SYN\TOAD\TOAD\SAMP_WRAPPER\RELEASE\VC110.PDB
D:\GITHUB-SYN\TOAD\TOAD\RELEASE\SAMP_WRAPPER.LIB
D:\Github-Syn\Toad\Toad\SAMP_Wrapper\Release\amxcore.obj
D:\Github-Syn\Toad\Toad\SAMP_Wrapper\Release\amxex.obj
D:\Github-Syn\Toad\Toad\SAMP_Wrapper\Release\amxplugin.obj
D:\Github-Syn\Toad\Toad\SAMP_Wrapper\Release\callback.obj
D:\Github-Syn\Toad\Toad\SAMP_Wrapper\Release\function.obj
D:\Github-Syn\Toad\Toad\SAMP_Wrapper\Release\cl.command.1.tlog
D:\Github-Syn\Toad\Toad\SAMP_Wrapper\Release\CL.read.1.tlog
D:\Github-Syn\Toad\Toad\SAMP_Wrapper\Release\CL.write.1.tlog
D:\Github-Syn\Toad\Toad\SAMP_Wrapper\Release\Lib-link.read.1.tlog
D:\Github-Syn\Toad\Toad\SAMP_Wrapper\Release\Lib-link.write.1.tlog
D:\Github-Syn\Toad\Toad\SAMP_Wrapper\Release\lib.command.1.tlog
D:\Github-Syn\Toad\Toad\SAMP_Wrapper\Release\vc110.pdb
D:\Github-Syn\Toad\Toad\Release\SAMP_Wrapper.lib
