D:\GITHUB-SYN\TOAD\TOAD\EXAMPLE_RIVERSHELL\DEBUG\RIVERSHELL.OBJ
D:\GITHUB-SYN\TOAD\TOAD\EXAMPLE_RIVERSHELL\DEBUG\VC110.PDB
D:\Github-Syn\Toad\Toad\Debug\Example_rivershell.lib
D:\Github-Syn\Toad\Toad\Debug\Example_rivershell.exp
D:\GITHUB-SYN\TOAD\TOAD\DEBUG\EXAMPLE_RIVERSHELL.ILK
D:\GITHUB-SYN\TOAD\TOAD\DEBUG\EXAMPLE_RIVERSHELL.DLL
D:\GITHUB-SYN\TOAD\TOAD\DEBUG\EXAMPLE_RIVERSHELL.PDB
D:\Github-Syn\Toad\Toad\Example_rivershell\Debug\Example_rivershell.vcxprojResolveAssemblyReference.cache
D:\Github-Syn\Toad\Toad\Example_rivershell\Debug\rivershell.obj
D:\Github-Syn\Toad\Toad\Example_rivershell\Debug\cl.command.1.tlog
D:\Github-Syn\Toad\Toad\Example_rivershell\Debug\CL.read.1.tlog
D:\Github-Syn\Toad\Toad\Example_rivershell\Debug\CL.write.1.tlog
D:\Github-Syn\Toad\Toad\Example_rivershell\Debug\Example_rivershell.write.1.tlog
D:\Github-Syn\Toad\Toad\Example_rivershell\Debug\link-cvtres.read.1.tlog
D:\Github-Syn\Toad\Toad\Example_rivershell\Debug\link-cvtres.write.1.tlog
D:\Github-Syn\Toad\Toad\Example_rivershell\Debug\link-rc.read.1.tlog
D:\Github-Syn\Toad\Toad\Example_rivershell\Debug\link-rc.write.1.tlog
D:\Github-Syn\Toad\Toad\Example_rivershell\Debug\link.command.1.tlog
D:\Github-Syn\Toad\Toad\Example_rivershell\Debug\link.read.1.tlog
D:\Github-Syn\Toad\Toad\Example_rivershell\Debug\link.write.1.tlog
D:\Github-Syn\Toad\Toad\Example_rivershell\Debug\vc110.idb
D:\Github-Syn\Toad\Toad\Example_rivershell\Debug\vc110.pdb
D:\Github-Syn\Toad\Toad\Debug\Example_rivershell.pdb
D:\Github-Syn\Toad\Toad\Debug\Example_rivershell.dll
D:\Github-Syn\Toad\Toad\Debug\Example_rivershell.ilk
