D:\GITHUB-SYN\TOAD\TOAD\SAMP_WRAPPER\DEBUG\AMXCORE.OBJ
D:\GITHUB-SYN\TOAD\TOAD\SAMP_WRAPPER\DEBUG\AMXEX.OBJ
D:\GITHUB-SYN\TOAD\TOAD\SAMP_WRAPPER\DEBUG\AMXPLUGIN.OBJ
D:\GITHUB-SYN\TOAD\TOAD\SAMP_WRAPPER\DEBUG\CALLBACK.OBJ
D:\GITHUB-SYN\TOAD\TOAD\SAMP_WRAPPER\DEBUG\FUNCTION.OBJ
D:\GITHUB-SYN\TOAD\TOAD\SAMP_WRAPPER\DEBUG\VC110.PDB
D:\GITHUB-SYN\TOAD\TOAD\DEBUG\SAMP_WRAPPER.LIB
D:\Github-Syn\Toad\Toad\SAMP_Wrapper\Debug\amxcore.obj
D:\Github-Syn\Toad\Toad\SAMP_Wrapper\Debug\amxex.obj
D:\Github-Syn\Toad\Toad\SAMP_Wrapper\Debug\amxplugin.obj
D:\Github-Syn\Toad\Toad\SAMP_Wrapper\Debug\callback.obj
D:\Github-Syn\Toad\Toad\SAMP_Wrapper\Debug\function.obj
D:\Github-Syn\Toad\Toad\SAMP_Wrapper\Debug\cl.command.1.tlog
D:\Github-Syn\Toad\Toad\SAMP_Wrapper\Debug\CL.read.1.tlog
D:\Github-Syn\Toad\Toad\SAMP_Wrapper\Debug\CL.write.1.tlog
D:\Github-Syn\Toad\Toad\SAMP_Wrapper\Debug\Lib-link.read.1.tlog
D:\Github-Syn\Toad\Toad\SAMP_Wrapper\Debug\Lib-link.write.1.tlog
D:\Github-Syn\Toad\Toad\SAMP_Wrapper\Debug\lib.command.1.tlog
D:\Github-Syn\Toad\Toad\SAMP_Wrapper\Debug\vc110.idb
D:\Github-Syn\Toad\Toad\SAMP_Wrapper\Debug\vc110.pdb
D:\Github-Syn\Toad\Toad\Debug\SAMP_Wrapper.lib
