C:\USERS\XQY\DOCUMENTS\VISUAL STUDIO 2012\PROJECTS\TOAD\TOADSAMP\DEBUG\TOADCALLBACKS.OBJ
C:\USERS\XQY\DOCUMENTS\VISUAL STUDIO 2012\PROJECTS\TOAD\TOADSAMP\DEBUG\TOADCORE.OBJ
C:\USERS\XQY\DOCUMENTS\VISUAL STUDIO 2012\PROJECTS\TOAD\TOADSAMP\DEBUG\TOADFUNCTIONS.OBJ
C:\USERS\XQY\DOCUMENTS\VISUAL STUDIO 2012\PROJECTS\TOAD\TOADSAMP\DEBUG\TOADNPCCALLBACKS.OBJ
C:\USERS\XQY\DOCUMENTS\VISUAL STUDIO 2012\PROJECTS\TOAD\TOADSAMP\DEBUG\TOADNPCFUNCTIONS.OBJ
C:\USERS\XQY\DOCUMENTS\VISUAL STUDIO 2012\PROJECTS\TOAD\TOADSAMP\DEBUG\VC110.PDB
C:\USERS\XQY\DOCUMENTS\VISUAL STUDIO 2012\PROJECTS\TOAD\DEBUG\TOADSAMP.LIB
C:\Users\XQY\documents\visual studio 2012\Projects\Toad\ToadSAMP\Debug\ToadCallbacks.obj
C:\Users\XQY\documents\visual studio 2012\Projects\Toad\ToadSAMP\Debug\ToadCore.obj
C:\Users\XQY\documents\visual studio 2012\Projects\Toad\ToadSAMP\Debug\ToadFunctions.obj
C:\Users\XQY\documents\visual studio 2012\Projects\Toad\ToadSAMP\Debug\ToadNPCCallbacks.obj
C:\Users\XQY\documents\visual studio 2012\Projects\Toad\ToadSAMP\Debug\ToadNPCFunctions.obj
C:\Users\XQY\documents\visual studio 2012\Projects\Toad\ToadSAMP\Debug\cl.command.1.tlog
C:\Users\XQY\documents\visual studio 2012\Projects\Toad\ToadSAMP\Debug\CL.read.1.tlog
C:\Users\XQY\documents\visual studio 2012\Projects\Toad\ToadSAMP\Debug\CL.write.1.tlog
C:\Users\XQY\documents\visual studio 2012\Projects\Toad\ToadSAMP\Debug\Lib-link.read.1.tlog
C:\Users\XQY\documents\visual studio 2012\Projects\Toad\ToadSAMP\Debug\Lib-link.write.1.tlog
C:\Users\XQY\documents\visual studio 2012\Projects\Toad\ToadSAMP\Debug\lib.command.1.tlog
C:\Users\XQY\documents\visual studio 2012\Projects\Toad\ToadSAMP\Debug\vc110.idb
C:\Users\XQY\documents\visual studio 2012\Projects\Toad\ToadSAMP\Debug\vc110.pdb
C:\Users\XQY\documents\visual studio 2012\Projects\Toad\Debug\ToadSAMP.lib
