D:\GITHUB-SYN\TOAD\TOAD\RIVERSHELL-EXAMPLE\DEBUG\RIVERSHELL.OBJ
D:\GITHUB-SYN\TOAD\TOAD\RIVERSHELL-EXAMPLE\DEBUG\VC110.PDB
D:\GITHUB-SYN\TOAD\TOAD\DEBUG\RIVERSHELL-EXAMPLE.ILK
D:\GITHUB-SYN\TOAD\TOAD\DEBUG\RIVERSHELL-EXAMPLE.DLL
D:\GITHUB-SYN\TOAD\TOAD\DEBUG\RIVERSHELL-EXAMPLE.PDB
D:\Github-Syn\Toad\Toad\Debug\rivershell-Example.lib
D:\Github-Syn\Toad\Toad\Debug\rivershell-Example.exp
D:\Github-Syn\Toad\Toad\rivershell-Example\Debug\rivershell-Example.vcxprojResolveAssemblyReference.cache
D:\Github-Syn\Toad\Toad\rivershell-Example\Debug\rivershell.obj
D:\Github-Syn\Toad\Toad\rivershell-Example\Debug\cl.command.1.tlog
D:\Github-Syn\Toad\Toad\rivershell-Example\Debug\CL.read.1.tlog
D:\Github-Syn\Toad\Toad\rivershell-Example\Debug\CL.write.1.tlog
D:\Github-Syn\Toad\Toad\rivershell-Example\Debug\link-cvtres.read.1.tlog
D:\Github-Syn\Toad\Toad\rivershell-Example\Debug\link-cvtres.write.1.tlog
D:\Github-Syn\Toad\Toad\rivershell-Example\Debug\link-rc.read.1.tlog
D:\Github-Syn\Toad\Toad\rivershell-Example\Debug\link-rc.write.1.tlog
D:\Github-Syn\Toad\Toad\rivershell-Example\Debug\link.4924-cvtres.read.1.tlog
D:\Github-Syn\Toad\Toad\rivershell-Example\Debug\link.4924-cvtres.write.1.tlog
D:\Github-Syn\Toad\Toad\rivershell-Example\Debug\link.4924-rc.read.1.tlog
D:\Github-Syn\Toad\Toad\rivershell-Example\Debug\link.4924-rc.write.1.tlog
D:\Github-Syn\Toad\Toad\rivershell-Example\Debug\link.4924.read.1.tlog
D:\Github-Syn\Toad\Toad\rivershell-Example\Debug\link.4924.write.1.tlog
D:\Github-Syn\Toad\Toad\rivershell-Example\Debug\link.4996-cvtres.read.1.tlog
D:\Github-Syn\Toad\Toad\rivershell-Example\Debug\link.4996-cvtres.write.1.tlog
D:\Github-Syn\Toad\Toad\rivershell-Example\Debug\link.4996-rc.read.1.tlog
D:\Github-Syn\Toad\Toad\rivershell-Example\Debug\link.4996-rc.write.1.tlog
D:\Github-Syn\Toad\Toad\rivershell-Example\Debug\link.4996.read.1.tlog
D:\Github-Syn\Toad\Toad\rivershell-Example\Debug\link.4996.write.1.tlog
D:\Github-Syn\Toad\Toad\rivershell-Example\Debug\link.command.1.tlog
D:\Github-Syn\Toad\Toad\rivershell-Example\Debug\link.read.1.tlog
D:\Github-Syn\Toad\Toad\rivershell-Example\Debug\link.write.1.tlog
D:\Github-Syn\Toad\Toad\rivershell-Example\Debug\rivershell-Example.write.1.tlog
D:\Github-Syn\Toad\Toad\rivershell-Example\Debug\vc110.idb
D:\Github-Syn\Toad\Toad\rivershell-Example\Debug\vc110.pdb
D:\Github-Syn\Toad\Toad\Debug\rivershell-Example.pdb
D:\Github-Syn\Toad\Toad\Debug\rivershell-Example.dll
D:\Github-Syn\Toad\Toad\Debug\rivershell-Example.ilk
